<?xml version="1.0" encoding="UTF-8"?>
<testng-results ignored="0" total="2" passed="2" failed="0" skipped="0">
  <reporter-output>
  </reporter-output>
  <suite started-at="2022-07-24T14:22:09 IST" name="Default suite" finished-at="2022-07-24T14:22:50 IST" duration-ms="41870">
    <groups>
    </groups>
    <test started-at="2022-07-24T14:22:09 IST" name="Default test" finished-at="2022-07-24T14:22:50 IST" duration-ms="41870">
      <class name="testCases.Testing">
        <test-method is-config="true" signature="setup()[pri:0, instance:testCases.Testing@56620197]" started-at="2022-07-24T14:22:09 IST" name="setup" finished-at="2022-07-24T14:22:21 IST" duration-ms="12569" status="PASS">
          <reporter-output>
          </reporter-output>
        </test-method> <!-- setup -->
        <test-method signature="linkClickableTest()[pri:0, instance:testCases.Testing@56620197]" started-at="2022-07-24T14:22:21 IST" name="linkClickableTest" finished-at="2022-07-24T14:22:33 IST" duration-ms="11860" status="PASS">
          <reporter-output>
          </reporter-output>
        </test-method> <!-- linkClickableTest -->
        <test-method is-config="true" signature="close()[pri:0, instance:testCases.Testing@56620197]" started-at="2022-07-24T14:22:33 IST" name="close" finished-at="2022-07-24T14:22:35 IST" duration-ms="2180" status="PASS">
          <reporter-output>
          </reporter-output>
        </test-method> <!-- close -->
        <test-method is-config="true" signature="setup()[pri:0, instance:testCases.Testing@56620197]" started-at="2022-07-24T14:22:35 IST" name="setup" finished-at="2022-07-24T14:22:49 IST" duration-ms="14072" status="PASS">
          <reporter-output>
          </reporter-output>
        </test-method> <!-- setup -->
        <test-method signature="logoDisplayTest()[pri:0, instance:testCases.Testing@56620197]" started-at="2022-07-24T14:22:49 IST" name="logoDisplayTest" finished-at="2022-07-24T14:22:50 IST" duration-ms="538" status="PASS">
          <reporter-output>
          </reporter-output>
        </test-method> <!-- logoDisplayTest -->
        <test-method is-config="true" signature="close()[pri:0, instance:testCases.Testing@56620197]" started-at="2022-07-24T14:22:50 IST" name="close" finished-at="2022-07-24T14:22:50 IST" duration-ms="565" status="PASS">
          <reporter-output>
          </reporter-output>
        </test-method> <!-- close -->
      </class> <!-- testCases.Testing -->
    </test> <!-- Default test -->
  </suite> <!-- Default suite -->
</testng-results>
