<?xml version="1.0" encoding="UTF-8"?>
<!-- Generated by org.testng.reporters.JUnitXMLReporter -->
<testsuite ignored="0" hostname="LAPTOP-6E02MEAA" failures="2" tests="2" name="Test" time="38.446" errors="0" timestamp="2022-07-24T13:47:19 IST">
  <testcase classname="testCases.Testing" name="linkClickableTest" time="0.014">
    <failure type="java.lang.NullPointerException" message="Cannot invoke &amp;quot;com.qa.pagelayer.Homepage.linkClickable()&amp;quot; because &amp;quot;this.h&amp;quot; is null">
      <![CDATA[java.lang.NullPointerException: Cannot invoke "com.qa.pagelayer.Homepage.linkClickable()" because "this.h" is null
at testCases.Testing.linkClickableTest(Testing.java:22)
at java.base/java.util.ArrayList.forEach(ArrayList.java:1511)
... Removed 27 stack frames]]>
    </failure>
  </testcase> <!-- linkClickableTest -->
  <testcase classname="testCases.Testing" name="logoDisplayTest" time="0.003">
    <failure type="java.lang.NullPointerException" message="Cannot invoke &amp;quot;com.qa.pagelayer.Homepage.logoDispay()&amp;quot; because &amp;quot;this.h&amp;quot; is null">
      <![CDATA[java.lang.NullPointerException: Cannot invoke "com.qa.pagelayer.Homepage.logoDispay()" because "this.h" is null
at testCases.Testing.logoDisplayTest(Testing.java:16)
at java.base/java.util.ArrayList.forEach(ArrayList.java:1511)
... Removed 27 stack frames]]>
    </failure>
  </testcase> <!-- logoDisplayTest -->
</testsuite> <!-- Test -->
